<?xml version="1.0" encoding="UTF-8"?>
<!-- Generated by org.testng.reporters.JUnitReportReporter -->
<testsuite name="Academy.BaseUd" tests="1" time="9.385"
	ignored="0" failures="0" timestamp="11 May 2018 05:59:18 GMT" skipped="0"
	hostname="DEL1-DHP-27956" errors="0">
	<testcase name="intializeDriver" time="9.385" classname="Academy.BaseUd" />
</testsuite> <!-- Academy.BaseUd -->
