<?xml version="1.0" encoding="UTF-8"?>
<!-- Generated by org.testng.reporters.JUnitReportReporter -->
<testsuite name="Academy.HomePage" tests="1" time="28.968" ignored="0" failures="0" timestamp="11 May 2018 11:58:07 GMT" skipped="0" hostname="DEL1-DHP-27956" errors="0">
  <testcase name="basePageNavigation" time="28.968" classname="Academy.HomePage"/>
</testsuite> <!-- Academy.HomePage -->
