<?xml version="1.0" encoding="UTF-8"?>
<!-- Generated by org.testng.reporters.JUnitReportReporter -->
<testsuite name="Academy.HomePage" tests="2" time="40.303"
	ignored="0" failures="0" timestamp="15 May 2018 12:39:12 GMT" skipped="0"
	hostname="DEL1-DHP-27956" errors="0">
	<testcase name="basePageNavigation" time="23.515" classname="Academy.HomePage" />
	<testcase name="basePageNavigation" time="16.788" classname="Academy.HomePage" />
</testsuite> <!-- Academy.HomePage -->
