<?xml version="1.0" encoding="UTF-8"?>
<!-- Generated by org.testng.reporters.JUnitReportReporter -->
<testsuite name="Academy.HomePage" tests="2" time="34.112" ignored="0" failures="0" timestamp="16 May 2018 12:41:38 GMT" skipped="0" hostname="DEL1-DHP-27956" errors="0">
  <testcase name="GotoHomepage" time="15.424" classname="Academy.HomePage"/>
  <testcase name="GotoHomepage" time="18.688" classname="Academy.HomePage"/>
</testsuite> <!-- Academy.HomePage -->
